<?xml version="1.0" encoding="UTF-8"?>
<testsuite xmlns:xsi="http://www.w3.org/2001/XMLSchema-instance" xsi:noNamespaceSchemaLocation="https://maven.apache.org/surefire/maven-surefire-plugin/xsd/surefire-test-report.xsd" name="cn.yan_wm.myalbum.service.linux.MyAlbumServiceLinuxApplicationTest" time="56.452" tests="4" errors="0" skipped="0" failures="0">
  <properties>
    <property name="sun.desktop" value="windows"/>
    <property name="awt.toolkit" value="sun.awt.windows.WToolkit"/>
    <property name="file.encoding.pkg" value="sun.io"/>
    <property name="java.specification.version" value="1.8"/>
    <property name="sun.cpu.isalist" value="amd64"/>
    <property name="sun.jnu.encoding" value="GBK"/>
    <property name="java.class.path" value="C:\Users\Yan\Desktop\MyAlbum\myalbum-service-linux\target\test-classes;C:\Users\Yan\Desktop\MyAlbum\myalbum-service-linux\target\classes;D:\Program Files (x86)\Apache\maven-repository\org\springframework\boot\spring-boot-starter-web\2.0.6.RELEASE\spring-boot-starter-web-2.0.6.RELEASE.jar;D:\Program Files (x86)\Apache\maven-repository\org\springframework\boot\spring-boot-starter\2.0.6.RELEASE\spring-boot-starter-2.0.6.RELEASE.jar;D:\Program Files (x86)\Apache\maven-repository\org\springframework\boot\spring-boot\2.0.6.RELEASE\spring-boot-2.0.6.RELEASE.jar;D:\Program Files (x86)\Apache\maven-repository\org\springframework\boot\spring-boot-autoconfigure\2.0.6.RELEASE\spring-boot-autoconfigure-2.0.6.RELEASE.jar;D:\Program Files (x86)\Apache\maven-repository\org\springframework\boot\spring-boot-starter-logging\2.0.6.RELEASE\spring-boot-starter-logging-2.0.6.RELEASE.jar;D:\Program Files (x86)\Apache\maven-repository\ch\qos\logback\logback-classic\1.2.3\logback-classic-1.2.3.jar;D:\Program Files (x86)\Apache\maven-repository\ch\qos\logback\logback-core\1.2.3\logback-core-1.2.3.jar;D:\Program Files (x86)\Apache\maven-repository\org\apache\logging\log4j\log4j-to-slf4j\2.10.0\log4j-to-slf4j-2.10.0.jar;D:\Program Files (x86)\Apache\maven-repository\org\apache\logging\log4j\log4j-api\2.10.0\log4j-api-2.10.0.jar;D:\Program Files (x86)\Apache\maven-repository\org\slf4j\jul-to-slf4j\1.7.25\jul-to-slf4j-1.7.25.jar;D:\Program Files (x86)\Apache\maven-repository\javax\annotation\javax.annotation-api\1.3.2\javax.annotation-api-1.3.2.jar;D:\Program Files (x86)\Apache\maven-repository\org\yaml\snakeyaml\1.19\snakeyaml-1.19.jar;D:\Program Files (x86)\Apache\maven-repository\org\springframework\boot\spring-boot-starter-json\2.0.6.RELEASE\spring-boot-starter-json-2.0.6.RELEASE.jar;D:\Program Files (x86)\Apache\maven-repository\com\fasterxml\jackson\core\jackson-databind\2.9.7\jackson-databind-2.9.7.jar;D:\Program Files (x86)\Apache\maven-repository\com\fasterxml\jackson\core\jackson-annotations\2.9.0\jackson-annotations-2.9.0.jar;D:\Program Files (x86)\Apache\maven-repository\com\fasterxml\jackson\core\jackson-core\2.9.7\jackson-core-2.9.7.jar;D:\Program Files (x86)\Apache\maven-repository\com\fasterxml\jackson\datatype\jackson-datatype-jdk8\2.9.7\jackson-datatype-jdk8-2.9.7.jar;D:\Program Files (x86)\Apache\maven-repository\com\fasterxml\jackson\datatype\jackson-datatype-jsr310\2.9.7\jackson-datatype-jsr310-2.9.7.jar;D:\Program Files (x86)\Apache\maven-repository\com\fasterxml\jackson\module\jackson-module-parameter-names\2.9.7\jackson-module-parameter-names-2.9.7.jar;D:\Program Files (x86)\Apache\maven-repository\org\springframework\boot\spring-boot-starter-tomcat\2.0.6.RELEASE\spring-boot-starter-tomcat-2.0.6.RELEASE.jar;D:\Program Files (x86)\Apache\maven-repository\org\apache\tomcat\embed\tomcat-embed-core\8.5.34\tomcat-embed-core-8.5.34.jar;D:\Program Files (x86)\Apache\maven-repository\org\apache\tomcat\embed\tomcat-embed-el\8.5.34\tomcat-embed-el-8.5.34.jar;D:\Program Files (x86)\Apache\maven-repository\org\apache\tomcat\embed\tomcat-embed-websocket\8.5.34\tomcat-embed-websocket-8.5.34.jar;D:\Program Files (x86)\Apache\maven-repository\org\hibernate\validator\hibernate-validator\6.0.13.Final\hibernate-validator-6.0.13.Final.jar;D:\Program Files (x86)\Apache\maven-repository\javax\validation\validation-api\2.0.1.Final\validation-api-2.0.1.Final.jar;D:\Program Files (x86)\Apache\maven-repository\org\jboss\logging\jboss-logging\3.3.2.Final\jboss-logging-3.3.2.Final.jar;D:\Program Files (x86)\Apache\maven-repository\com\fasterxml\classmate\1.3.4\classmate-1.3.4.jar;D:\Program Files (x86)\Apache\maven-repository\org\springframework\spring-web\5.0.10.RELEASE\spring-web-5.0.10.RELEASE.jar;D:\Program Files (x86)\Apache\maven-repository\org\springframework\spring-beans\5.0.10.RELEASE\spring-beans-5.0.10.RELEASE.jar;D:\Program Files (x86)\Apache\maven-repository\org\springframework\spring-webmvc\5.0.10.RELEASE\spring-webmvc-5.0.10.RELEASE.jar;D:\Program Files (x86)\Apache\maven-repository\org\springframework\spring-aop\5.0.10.RELEASE\spring-aop-5.0.10.RELEASE.jar;D:\Program Files (x86)\Apache\maven-repository\org\springframework\spring-context\5.0.10.RELEASE\spring-context-5.0.10.RELEASE.jar;D:\Program Files (x86)\Apache\maven-repository\org\springframework\spring-expression\5.0.10.RELEASE\spring-expression-5.0.10.RELEASE.jar;D:\Program Files (x86)\Apache\maven-repository\org\springframework\boot\spring-boot-starter-actuator\2.0.6.RELEASE\spring-boot-starter-actuator-2.0.6.RELEASE.jar;D:\Program Files (x86)\Apache\maven-repository\org\springframework\boot\spring-boot-actuator-autoconfigure\2.0.6.RELEASE\spring-boot-actuator-autoconfigure-2.0.6.RELEASE.jar;D:\Program Files (x86)\Apache\maven-repository\org\springframework\boot\spring-boot-actuator\2.0.6.RELEASE\spring-boot-actuator-2.0.6.RELEASE.jar;D:\Program Files (x86)\Apache\maven-repository\io\micrometer\micrometer-core\1.0.7\micrometer-core-1.0.7.jar;D:\Program Files (x86)\Apache\maven-repository\org\hdrhistogram\HdrHistogram\2.1.10\HdrHistogram-2.1.10.jar;D:\Program Files (x86)\Apache\maven-repository\org\latencyutils\LatencyUtils\2.0.3\LatencyUtils-2.0.3.jar;D:\Program Files (x86)\Apache\maven-repository\org\springframework\boot\spring-boot-starter-test\2.0.6.RELEASE\spring-boot-starter-test-2.0.6.RELEASE.jar;D:\Program Files (x86)\Apache\maven-repository\org\springframework\boot\spring-boot-test\2.0.6.RELEASE\spring-boot-test-2.0.6.RELEASE.jar;D:\Program Files (x86)\Apache\maven-repository\org\springframework\boot\spring-boot-test-autoconfigure\2.0.6.RELEASE\spring-boot-test-autoconfigure-2.0.6.RELEASE.jar;D:\Program Files (x86)\Apache\maven-repository\com\jayway\jsonpath\json-path\2.4.0\json-path-2.4.0.jar;D:\Program Files (x86)\Apache\maven-repository\net\minidev\json-smart\2.3\json-smart-2.3.jar;D:\Program Files (x86)\Apache\maven-repository\net\minidev\accessors-smart\1.2\accessors-smart-1.2.jar;D:\Program Files (x86)\Apache\maven-repository\org\ow2\asm\asm\5.0.4\asm-5.0.4.jar;D:\Program Files (x86)\Apache\maven-repository\org\slf4j\slf4j-api\1.7.25\slf4j-api-1.7.25.jar;D:\Program Files (x86)\Apache\maven-repository\junit\junit\4.12\junit-4.12.jar;D:\Program Files (x86)\Apache\maven-repository\org\assertj\assertj-core\3.9.1\assertj-core-3.9.1.jar;D:\Program Files (x86)\Apache\maven-repository\org\mockito\mockito-core\2.15.0\mockito-core-2.15.0.jar;D:\Program Files (x86)\Apache\maven-repository\net\bytebuddy\byte-buddy\1.7.11\byte-buddy-1.7.11.jar;D:\Program Files (x86)\Apache\maven-repository\net\bytebuddy\byte-buddy-agent\1.7.11\byte-buddy-agent-1.7.11.jar;D:\Program Files (x86)\Apache\maven-repository\org\objenesis\objenesis\2.6\objenesis-2.6.jar;D:\Program Files (x86)\Apache\maven-repository\org\hamcrest\hamcrest-core\1.3\hamcrest-core-1.3.jar;D:\Program Files (x86)\Apache\maven-repository\org\hamcrest\hamcrest-library\1.3\hamcrest-library-1.3.jar;D:\Program Files (x86)\Apache\maven-repository\org\skyscreamer\jsonassert\1.5.0\jsonassert-1.5.0.jar;D:\Program Files (x86)\Apache\maven-repository\com\vaadin\external\google\android-json\0.0.20131108.vaadin1\android-json-0.0.20131108.vaadin1.jar;D:\Program Files (x86)\Apache\maven-repository\org\springframework\spring-core\5.0.10.RELEASE\spring-core-5.0.10.RELEASE.jar;D:\Program Files (x86)\Apache\maven-repository\org\springframework\spring-jcl\5.0.10.RELEASE\spring-jcl-5.0.10.RELEASE.jar;D:\Program Files (x86)\Apache\maven-repository\org\springframework\spring-test\5.0.10.RELEASE\spring-test-5.0.10.RELEASE.jar;D:\Program Files (x86)\Apache\maven-repository\org\xmlunit\xmlunit-core\2.5.1\xmlunit-core-2.5.1.jar;D:\Program Files (x86)\Apache\maven-repository\org\springframework\boot\spring-boot-starter-freemarker\2.0.6.RELEASE\spring-boot-starter-freemarker-2.0.6.RELEASE.jar;D:\Program Files (x86)\Apache\maven-repository\org\freemarker\freemarker\2.3.28\freemarker-2.3.28.jar;D:\Program Files (x86)\Apache\maven-repository\org\springframework\spring-context-support\5.0.10.RELEASE\spring-context-support-5.0.10.RELEASE.jar;D:\Program Files (x86)\Apache\maven-repository\org\springframework\boot\spring-boot-starter-websocket\2.0.6.RELEASE\spring-boot-starter-websocket-2.0.6.RELEASE.jar;D:\Program Files (x86)\Apache\maven-repository\org\springframework\spring-messaging\5.0.10.RELEASE\spring-messaging-5.0.10.RELEASE.jar;D:\Program Files (x86)\Apache\maven-repository\org\springframework\spring-websocket\5.0.10.RELEASE\spring-websocket-5.0.10.RELEASE.jar;D:\Program Files (x86)\Apache\maven-repository\org\springframework\cloud\spring-cloud-starter-alibaba-nacos-config\0.2.1.RELEASE\spring-cloud-starter-alibaba-nacos-config-0.2.1.RELEASE.jar;D:\Program Files (x86)\Apache\maven-repository\org\springframework\cloud\spring-cloud-alibaba-nacos-config\0.2.1.RELEASE\spring-cloud-alibaba-nacos-config-0.2.1.RELEASE.jar;D:\Program Files (x86)\Apache\maven-repository\com\alibaba\nacos\nacos-client\0.6.2\nacos-client-0.6.2.jar;D:\Program Files (x86)\Apache\maven-repository\com\alibaba\nacos\nacos-common\0.6.2\nacos-common-0.6.2.jar;D:\Program Files (x86)\Apache\maven-repository\commons-io\commons-io\2.2\commons-io-2.2.jar;D:\Program Files (x86)\Apache\maven-repository\org\apache\commons\commons-lang3\3.7\commons-lang3-3.7.jar;D:\Program Files (x86)\Apache\maven-repository\com\alibaba\nacos\nacos-api\0.6.2\nacos-api-0.6.2.jar;D:\Program Files (x86)\Apache\maven-repository\commons-codec\commons-codec\1.11\commons-codec-1.11.jar;D:\Program Files (x86)\Apache\maven-repository\org\codehaus\jackson\jackson-mapper-lgpl\1.9.6\jackson-mapper-lgpl-1.9.6.jar;D:\Program Files (x86)\Apache\maven-repository\org\codehaus\jackson\jackson-core-lgpl\1.9.6\jackson-core-lgpl-1.9.6.jar;D:\Program Files (x86)\Apache\maven-repository\org\springframework\cloud\spring-cloud-commons\2.0.2.RELEASE\spring-cloud-commons-2.0.2.RELEASE.jar;D:\Program Files (x86)\Apache\maven-repository\org\springframework\security\spring-security-crypto\5.0.9.RELEASE\spring-security-crypto-5.0.9.RELEASE.jar;D:\Program Files (x86)\Apache\maven-repository\org\springframework\cloud\spring-cloud-context\2.0.2.RELEASE\spring-cloud-context-2.0.2.RELEASE.jar;D:\Program Files (x86)\Apache\maven-repository\org\springframework\cloud\spring-cloud-starter-alibaba-nacos-discovery\0.2.1.RELEASE\spring-cloud-starter-alibaba-nacos-discovery-0.2.1.RELEASE.jar;D:\Program Files (x86)\Apache\maven-repository\org\springframework\cloud\spring-cloud-alibaba-nacos-discovery\0.2.1.RELEASE\spring-cloud-alibaba-nacos-discovery-0.2.1.RELEASE.jar;D:\Program Files (x86)\Apache\maven-repository\org\springframework\cloud\spring-cloud-starter-netflix-ribbon\2.0.2.RELEASE\spring-cloud-starter-netflix-ribbon-2.0.2.RELEASE.jar;D:\Program Files (x86)\Apache\maven-repository\org\springframework\cloud\spring-cloud-netflix-ribbon\2.0.2.RELEASE\spring-cloud-netflix-ribbon-2.0.2.RELEASE.jar;D:\Program Files (x86)\Apache\maven-repository\org\springframework\cloud\spring-cloud-netflix-archaius\2.0.2.RELEASE\spring-cloud-netflix-archaius-2.0.2.RELEASE.jar;D:\Program Files (x86)\Apache\maven-repository\org\springframework\cloud\spring-cloud-starter-netflix-archaius\2.0.2.RELEASE\spring-cloud-starter-netflix-archaius-2.0.2.RELEASE.jar;D:\Program Files (x86)\Apache\maven-repository\com\netflix\archaius\archaius-core\0.7.6\archaius-core-0.7.6.jar;D:\Program Files (x86)\Apache\maven-repository\com\google\code\findbugs\jsr305\3.0.1\jsr305-3.0.1.jar;D:\Program Files (x86)\Apache\maven-repository\commons-configuration\commons-configuration\1.8\commons-configuration-1.8.jar;D:\Program Files (x86)\Apache\maven-repository\com\netflix\ribbon\ribbon\2.2.5\ribbon-2.2.5.jar;D:\Program Files (x86)\Apache\maven-repository\com\netflix\ribbon\ribbon-transport\2.2.5\ribbon-transport-2.2.5.jar;D:\Program Files (x86)\Apache\maven-repository\io\reactivex\rxnetty-contexts\0.4.9\rxnetty-contexts-0.4.9.jar;D:\Program Files (x86)\Apache\maven-repository\io\reactivex\rxnetty-servo\0.4.9\rxnetty-servo-0.4.9.jar;D:\Program Files (x86)\Apache\maven-repository\com\netflix\hystrix\hystrix-core\1.5.12\hystrix-core-1.5.12.jar;D:\Program Files (x86)\Apache\maven-repository\javax\inject\javax.inject\1\javax.inject-1.jar;D:\Program Files (x86)\Apache\maven-repository\io\reactivex\rxnetty\0.4.9\rxnetty-0.4.9.jar;D:\Program Files (x86)\Apache\maven-repository\com\netflix\ribbon\ribbon-core\2.2.5\ribbon-core-2.2.5.jar;D:\Program Files (x86)\Apache\maven-repository\commons-lang\commons-lang\2.6\commons-lang-2.6.jar;D:\Program Files (x86)\Apache\maven-repository\com\netflix\ribbon\ribbon-httpclient\2.2.5\ribbon-httpclient-2.2.5.jar;D:\Program Files (x86)\Apache\maven-repository\commons-collections\commons-collections\3.2.2\commons-collections-3.2.2.jar;D:\Program Files (x86)\Apache\maven-repository\org\apache\httpcomponents\httpclient\4.5.6\httpclient-4.5.6.jar;D:\Program Files (x86)\Apache\maven-repository\org\apache\httpcomponents\httpcore\4.4.10\httpcore-4.4.10.jar;D:\Program Files (x86)\Apache\maven-repository\com\sun\jersey\jersey-client\1.19.1\jersey-client-1.19.1.jar;D:\Program Files (x86)\Apache\maven-repository\com\sun\jersey\jersey-core\1.19.1\jersey-core-1.19.1.jar;D:\Program Files (x86)\Apache\maven-repository\javax\ws\rs\jsr311-api\1.1.1\jsr311-api-1.1.1.jar;D:\Program Files (x86)\Apache\maven-repository\com\sun\jersey\contribs\jersey-apache-client4\1.19.1\jersey-apache-client4-1.19.1.jar;D:\Program Files (x86)\Apache\maven-repository\com\netflix\servo\servo-core\0.12.21\servo-core-0.12.21.jar;D:\Program Files (x86)\Apache\maven-repository\com\netflix\netflix-commons\netflix-commons-util\0.3.0\netflix-commons-util-0.3.0.jar;D:\Program Files (x86)\Apache\maven-repository\com\netflix\ribbon\ribbon-loadbalancer\2.2.5\ribbon-loadbalancer-2.2.5.jar;D:\Program Files (x86)\Apache\maven-repository\com\netflix\netflix-commons\netflix-statistics\0.1.1\netflix-statistics-0.1.1.jar;D:\Program Files (x86)\Apache\maven-repository\io\reactivex\rxjava\1.3.8\rxjava-1.3.8.jar;D:\Program Files (x86)\Apache\maven-repository\org\springframework\cloud\spring-cloud-starter-alibaba-sentinel\0.2.1.RELEASE\spring-cloud-starter-alibaba-sentinel-0.2.1.RELEASE.jar;D:\Program Files (x86)\Apache\maven-repository\org\springframework\cloud\spring-cloud-alibaba-sentinel\0.2.1.RELEASE\spring-cloud-alibaba-sentinel-0.2.1.RELEASE.jar;D:\Program Files (x86)\Apache\maven-repository\com\alibaba\csp\sentinel-web-servlet\1.4.0\sentinel-web-servlet-1.4.0.jar;D:\Program Files (x86)\Apache\maven-repository\com\alibaba\csp\sentinel-core\1.4.0\sentinel-core-1.4.0.jar;D:\Program Files (x86)\Apache\maven-repository\com\alibaba\csp\sentinel-transport-simple-http\1.4.0\sentinel-transport-simple-http-1.4.0.jar;D:\Program Files (x86)\Apache\maven-repository\com\alibaba\csp\sentinel-transport-common\1.4.0\sentinel-transport-common-1.4.0.jar;D:\Program Files (x86)\Apache\maven-repository\com\alibaba\csp\sentinel-datasource-extension\1.4.0\sentinel-datasource-extension-1.4.0.jar;D:\Program Files (x86)\Apache\maven-repository\com\alibaba\csp\sentinel-annotation-aspectj\1.4.0\sentinel-annotation-aspectj-1.4.0.jar;D:\Program Files (x86)\Apache\maven-repository\org\aspectj\aspectjrt\1.8.13\aspectjrt-1.8.13.jar;D:\Program Files (x86)\Apache\maven-repository\org\aspectj\aspectjweaver\1.8.13\aspectjweaver-1.8.13.jar;D:\Program Files (x86)\Apache\maven-repository\com\alibaba\csp\sentinel-dubbo-adapter\1.4.0\sentinel-dubbo-adapter-1.4.0.jar;D:\Program Files (x86)\Apache\maven-repository\com\alibaba\csp\sentinel-parameter-flow-control\1.4.0\sentinel-parameter-flow-control-1.4.0.jar;D:\Program Files (x86)\Apache\maven-repository\com\googlecode\concurrentlinkedhashmap\concurrentlinkedhashmap-lru\1.4.2\concurrentlinkedhashmap-lru-1.4.2.jar;D:\Program Files (x86)\Apache\maven-repository\com\alibaba\csp\sentinel-cluster-server-default\1.4.0\sentinel-cluster-server-default-1.4.0.jar;D:\Program Files (x86)\Apache\maven-repository\com\alibaba\csp\sentinel-cluster-common-default\1.4.0\sentinel-cluster-common-default-1.4.0.jar;D:\Program Files (x86)\Apache\maven-repository\io\netty\netty-all\4.1.29.Final\netty-all-4.1.29.Final.jar;D:\Program Files (x86)\Apache\maven-repository\com\alibaba\csp\sentinel-cluster-client-default\1.4.0\sentinel-cluster-client-default-1.4.0.jar;D:\Program Files (x86)\Apache\maven-repository\org\springframework\cloud\spring-cloud-alibaba-sentinel-datasource\0.2.1.RELEASE\spring-cloud-alibaba-sentinel-datasource-0.2.1.RELEASE.jar;D:\Program Files (x86)\Apache\maven-repository\org\springframework\boot\spring-boot-starter-aop\2.0.6.RELEASE\spring-boot-starter-aop-2.0.6.RELEASE.jar;D:\Program Files (x86)\Apache\maven-repository\org\springframework\cloud\spring-cloud-starter-zipkin\2.0.2.RELEASE\spring-cloud-starter-zipkin-2.0.2.RELEASE.jar;D:\Program Files (x86)\Apache\maven-repository\org\springframework\cloud\spring-cloud-starter-sleuth\2.0.2.RELEASE\spring-cloud-starter-sleuth-2.0.2.RELEASE.jar;D:\Program Files (x86)\Apache\maven-repository\org\springframework\cloud\spring-cloud-starter\2.0.2.RELEASE\spring-cloud-starter-2.0.2.RELEASE.jar;D:\Program Files (x86)\Apache\maven-repository\org\springframework\security\spring-security-rsa\1.0.7.RELEASE\spring-security-rsa-1.0.7.RELEASE.jar;D:\Program Files (x86)\Apache\maven-repository\org\bouncycastle\bcpkix-jdk15on\1.60\bcpkix-jdk15on-1.60.jar;D:\Program Files (x86)\Apache\maven-repository\org\bouncycastle\bcprov-jdk15on\1.60\bcprov-jdk15on-1.60.jar;D:\Program Files (x86)\Apache\maven-repository\org\springframework\cloud\spring-cloud-sleuth-core\2.0.2.RELEASE\spring-cloud-sleuth-core-2.0.2.RELEASE.jar;D:\Program Files (x86)\Apache\maven-repository\io\zipkin\brave\brave\5.4.3\brave-5.4.3.jar;D:\Program Files (x86)\Apache\maven-repository\io\zipkin\brave\brave-context-log4j2\5.4.3\brave-context-log4j2-5.4.3.jar;D:\Program Files (x86)\Apache\maven-repository\io\zipkin\brave\brave-instrumentation-spring-web\5.4.3\brave-instrumentation-spring-web-5.4.3.jar;D:\Program Files (x86)\Apache\maven-repository\io\zipkin\brave\brave-instrumentation-http\5.4.3\brave-instrumentation-http-5.4.3.jar;D:\Program Files (x86)\Apache\maven-repository\io\zipkin\brave\brave-instrumentation-spring-rabbit\5.4.3\brave-instrumentation-spring-rabbit-5.4.3.jar;D:\Program Files (x86)\Apache\maven-repository\io\zipkin\brave\brave-instrumentation-kafka-clients\5.4.3\brave-instrumentation-kafka-clients-5.4.3.jar;D:\Program Files (x86)\Apache\maven-repository\io\zipkin\brave\brave-instrumentation-httpclient\5.4.3\brave-instrumentation-httpclient-5.4.3.jar;D:\Program Files (x86)\Apache\maven-repository\io\zipkin\brave\brave-instrumentation-httpasyncclient\5.4.3\brave-instrumentation-httpasyncclient-5.4.3.jar;D:\Program Files (x86)\Apache\maven-repository\io\zipkin\brave\brave-instrumentation-spring-webmvc\5.4.3\brave-instrumentation-spring-webmvc-5.4.3.jar;D:\Program Files (x86)\Apache\maven-repository\io\zipkin\brave\brave-instrumentation-servlet\5.4.3\brave-instrumentation-servlet-5.4.3.jar;D:\Program Files (x86)\Apache\maven-repository\org\springframework\cloud\spring-cloud-sleuth-zipkin\2.0.2.RELEASE\spring-cloud-sleuth-zipkin-2.0.2.RELEASE.jar;D:\Program Files (x86)\Apache\maven-repository\io\zipkin\zipkin2\zipkin\2.11.7\zipkin-2.11.7.jar;D:\Program Files (x86)\Apache\maven-repository\io\zipkin\reporter2\zipkin-reporter\2.7.10\zipkin-reporter-2.7.10.jar;D:\Program Files (x86)\Apache\maven-repository\io\zipkin\reporter2\zipkin-sender-kafka11\2.7.10\zipkin-sender-kafka11-2.7.10.jar;D:\Program Files (x86)\Apache\maven-repository\io\zipkin\reporter2\zipkin-sender-amqp-client\2.7.10\zipkin-sender-amqp-client-2.7.10.jar;D:\Program Files (x86)\Apache\maven-repository\cn\yan_wm\myalbum-commons-service\1.0.0-SNAPSHOT\myalbum-commons-service-1.0.0-SNAPSHOT.jar;D:\Program Files (x86)\Apache\maven-repository\io\springfox\springfox-swagger2\2.9.2\springfox-swagger2-2.9.2.jar;D:\Program Files (x86)\Apache\maven-repository\io\swagger\swagger-annotations\1.5.20\swagger-annotations-1.5.20.jar;D:\Program Files (x86)\Apache\maven-repository\io\swagger\swagger-models\1.5.20\swagger-models-1.5.20.jar;D:\Program Files (x86)\Apache\maven-repository\io\springfox\springfox-spi\2.9.2\springfox-spi-2.9.2.jar;D:\Program Files (x86)\Apache\maven-repository\io\springfox\springfox-core\2.9.2\springfox-core-2.9.2.jar;D:\Program Files (x86)\Apache\maven-repository\io\springfox\springfox-schema\2.9.2\springfox-schema-2.9.2.jar;D:\Program Files (x86)\Apache\maven-repository\io\springfox\springfox-swagger-common\2.9.2\springfox-swagger-common-2.9.2.jar;D:\Program Files (x86)\Apache\maven-repository\io\springfox\springfox-spring-web\2.9.2\springfox-spring-web-2.9.2.jar;D:\Program Files (x86)\Apache\maven-repository\com\google\guava\guava\20.0\guava-20.0.jar;D:\Program Files (x86)\Apache\maven-repository\org\springframework\plugin\spring-plugin-core\1.2.0.RELEASE\spring-plugin-core-1.2.0.RELEASE.jar;D:\Program Files (x86)\Apache\maven-repository\org\springframework\plugin\spring-plugin-metadata\1.2.0.RELEASE\spring-plugin-metadata-1.2.0.RELEASE.jar;D:\Program Files (x86)\Apache\maven-repository\org\mapstruct\mapstruct\1.2.0.Final\mapstruct-1.2.0.Final.jar;D:\Program Files (x86)\Apache\maven-repository\io\springfox\springfox-swagger-ui\2.9.2\springfox-swagger-ui-2.9.2.jar;D:\Program Files (x86)\Apache\maven-repository\io\springfox\springfox-bean-validators\2.9.2\springfox-bean-validators-2.9.2.jar;D:\Program Files (x86)\Apache\maven-repository\cn\yan_wm\myalbum-commons-mapper\1.0.0-SNAPSHOT\myalbum-commons-mapper-1.0.0-SNAPSHOT.jar;D:\Program Files (x86)\Apache\maven-repository\com\alibaba\druid-spring-boot-starter\1.1.10\druid-spring-boot-starter-1.1.10.jar;D:\Program Files (x86)\Apache\maven-repository\com\alibaba\druid\1.1.10\druid-1.1.10.jar;D:\Program Files (x86)\Apache\maven-repository\tk\mybatis\mapper-spring-boot-starter\2.1.4\mapper-spring-boot-starter-2.1.4.jar;D:\Program Files (x86)\Apache\maven-repository\org\springframework\boot\spring-boot-starter-jdbc\2.0.6.RELEASE\spring-boot-starter-jdbc-2.0.6.RELEASE.jar;D:\Program Files (x86)\Apache\maven-repository\com\zaxxer\HikariCP\2.7.9\HikariCP-2.7.9.jar;D:\Program Files (x86)\Apache\maven-repository\org\springframework\spring-jdbc\5.0.10.RELEASE\spring-jdbc-5.0.10.RELEASE.jar;D:\Program Files (x86)\Apache\maven-repository\org\springframework\spring-tx\5.0.10.RELEASE\spring-tx-5.0.10.RELEASE.jar;D:\Program Files (x86)\Apache\maven-repository\org\mybatis\mybatis\3.4.6\mybatis-3.4.6.jar;D:\Program Files (x86)\Apache\maven-repository\org\mybatis\mybatis-spring\1.3.2\mybatis-spring-1.3.2.jar;D:\Program Files (x86)\Apache\maven-repository\tk\mybatis\mapper-core\1.1.4\mapper-core-1.1.4.jar;D:\Program Files (x86)\Apache\maven-repository\javax\persistence\persistence-api\1.0\persistence-api-1.0.jar;D:\Program Files (x86)\Apache\maven-repository\tk\mybatis\mapper-base\1.1.4\mapper-base-1.1.4.jar;D:\Program Files (x86)\Apache\maven-repository\tk\mybatis\mapper-weekend\1.1.4.6\mapper-weekend-1.1.4.6.jar;D:\Program Files (x86)\Apache\maven-repository\tk\mybatis\mapper-spring\1.1.4\mapper-spring-1.1.4.jar;D:\Program Files (x86)\Apache\maven-repository\tk\mybatis\mapper-extra\1.1.4\mapper-extra-1.1.4.jar;D:\Program Files (x86)\Apache\maven-repository\tk\mybatis\mapper-spring-boot-autoconfigure\2.1.4\mapper-spring-boot-autoconfigure-2.1.4.jar;D:\Program Files (x86)\Apache\maven-repository\com\github\pagehelper\pagehelper-spring-boot-starter\1.2.10\pagehelper-spring-boot-starter-1.2.10.jar;D:\Program Files (x86)\Apache\maven-repository\org\mybatis\spring\boot\mybatis-spring-boot-starter\1.3.2\mybatis-spring-boot-starter-1.3.2.jar;D:\Program Files (x86)\Apache\maven-repository\org\mybatis\spring\boot\mybatis-spring-boot-autoconfigure\1.3.2\mybatis-spring-boot-autoconfigure-1.3.2.jar;D:\Program Files (x86)\Apache\maven-repository\com\github\pagehelper\pagehelper-spring-boot-autoconfigure\1.2.10\pagehelper-spring-boot-autoconfigure-1.2.10.jar;D:\Program Files (x86)\Apache\maven-repository\com\github\pagehelper\pagehelper\5.1.8\pagehelper-5.1.8.jar;D:\Program Files (x86)\Apache\maven-repository\com\github\jsqlparser\jsqlparser\1.2\jsqlparser-1.2.jar;D:\Program Files (x86)\Apache\maven-repository\mysql\mysql-connector-java\8.0.13\mysql-connector-java-8.0.13.jar;D:\Program Files (x86)\Apache\maven-repository\com\google\protobuf\protobuf-java\3.6.1\protobuf-java-3.6.1.jar;D:\Program Files (x86)\Apache\maven-repository\cn\yan_wm\myalbum-commons-domain\1.0.0-SNAPSHOT\myalbum-commons-domain-1.0.0-SNAPSHOT.jar;D:\Program Files (x86)\Apache\maven-repository\com\alibaba\fastjson\1.2.56\fastjson-1.2.56.jar;D:\Program Files (x86)\Apache\maven-repository\cn\yan_wm\myalbum-commons\1.0.0-SNAPSHOT\myalbum-commons-1.0.0-SNAPSHOT.jar;D:\Program Files (x86)\Apache\maven-repository\com\github\ben-manes\caffeine\guava\2.6.2\guava-2.6.2.jar;D:\Program Files (x86)\Apache\maven-repository\com\github\ben-manes\caffeine\caffeine\2.6.2\caffeine-2.6.2.jar;D:\Program Files (x86)\Apache\maven-repository\org\hibernate\javax\persistence\hibernate-jpa-2.1-api\1.0.2.Final\hibernate-jpa-2.1-api-1.0.2.Final.jar;D:\Program Files (x86)\Apache\maven-repository\org\projectlombok\lombok\1.16.22\lombok-1.16.22.jar;D:\Program Files (x86)\Apache\maven-repository\ch\ethz\ganymed\ganymed-ssh2\build210\ganymed-ssh2-build210.jar;"/>
    <property name="java.vm.vendor" value="Oracle Corporation"/>
    <property name="sun.arch.data.model" value="64"/>
    <property name="user.variant" value=""/>
    <property name="java.vendor.url" value="http://java.oracle.com/"/>
    <property name="user.timezone" value=""/>
    <property name="java.vm.specification.version" value="1.8"/>
    <property name="os.name" value="Windows 10"/>
    <property name="user.country" value="CN"/>
    <property name="sun.java.launcher" value="SUN_STANDARD"/>
    <property name="sun.boot.library.path" value="C:\Program Files\Java\jdk1.8.0_111\jre\bin"/>
    <property name="sun.java.command" value="C:\Users\Yan\AppData\Local\Temp\surefire7679966420610622571\surefirebooter5226485439197878643.jar C:\Users\Yan\AppData\Local\Temp\surefire7679966420610622571 2019-10-19T15-01-38_640-jvmRun1 surefire908040949162539342tmp surefire_05637293603239027087tmp"/>
    <property name="surefire.test.class.path" value="C:\Users\Yan\Desktop\MyAlbum\myalbum-service-linux\target\test-classes;C:\Users\Yan\Desktop\MyAlbum\myalbum-service-linux\target\classes;D:\Program Files (x86)\Apache\maven-repository\org\springframework\boot\spring-boot-starter-web\2.0.6.RELEASE\spring-boot-starter-web-2.0.6.RELEASE.jar;D:\Program Files (x86)\Apache\maven-repository\org\springframework\boot\spring-boot-starter\2.0.6.RELEASE\spring-boot-starter-2.0.6.RELEASE.jar;D:\Program Files (x86)\Apache\maven-repository\org\springframework\boot\spring-boot\2.0.6.RELEASE\spring-boot-2.0.6.RELEASE.jar;D:\Program Files (x86)\Apache\maven-repository\org\springframework\boot\spring-boot-autoconfigure\2.0.6.RELEASE\spring-boot-autoconfigure-2.0.6.RELEASE.jar;D:\Program Files (x86)\Apache\maven-repository\org\springframework\boot\spring-boot-starter-logging\2.0.6.RELEASE\spring-boot-starter-logging-2.0.6.RELEASE.jar;D:\Program Files (x86)\Apache\maven-repository\ch\qos\logback\logback-classic\1.2.3\logback-classic-1.2.3.jar;D:\Program Files (x86)\Apache\maven-repository\ch\qos\logback\logback-core\1.2.3\logback-core-1.2.3.jar;D:\Program Files (x86)\Apache\maven-repository\org\apache\logging\log4j\log4j-to-slf4j\2.10.0\log4j-to-slf4j-2.10.0.jar;D:\Program Files (x86)\Apache\maven-repository\org\apache\logging\log4j\log4j-api\2.10.0\log4j-api-2.10.0.jar;D:\Program Files (x86)\Apache\maven-repository\org\slf4j\jul-to-slf4j\1.7.25\jul-to-slf4j-1.7.25.jar;D:\Program Files (x86)\Apache\maven-repository\javax\annotation\javax.annotation-api\1.3.2\javax.annotation-api-1.3.2.jar;D:\Program Files (x86)\Apache\maven-repository\org\yaml\snakeyaml\1.19\snakeyaml-1.19.jar;D:\Program Files (x86)\Apache\maven-repository\org\springframework\boot\spring-boot-starter-json\2.0.6.RELEASE\spring-boot-starter-json-2.0.6.RELEASE.jar;D:\Program Files (x86)\Apache\maven-repository\com\fasterxml\jackson\core\jackson-databind\2.9.7\jackson-databind-2.9.7.jar;D:\Program Files (x86)\Apache\maven-repository\com\fasterxml\jackson\core\jackson-annotations\2.9.0\jackson-annotations-2.9.0.jar;D:\Program Files (x86)\Apache\maven-repository\com\fasterxml\jackson\core\jackson-core\2.9.7\jackson-core-2.9.7.jar;D:\Program Files (x86)\Apache\maven-repository\com\fasterxml\jackson\datatype\jackson-datatype-jdk8\2.9.7\jackson-datatype-jdk8-2.9.7.jar;D:\Program Files (x86)\Apache\maven-repository\com\fasterxml\jackson\datatype\jackson-datatype-jsr310\2.9.7\jackson-datatype-jsr310-2.9.7.jar;D:\Program Files (x86)\Apache\maven-repository\com\fasterxml\jackson\module\jackson-module-parameter-names\2.9.7\jackson-module-parameter-names-2.9.7.jar;D:\Program Files (x86)\Apache\maven-repository\org\springframework\boot\spring-boot-starter-tomcat\2.0.6.RELEASE\spring-boot-starter-tomcat-2.0.6.RELEASE.jar;D:\Program Files (x86)\Apache\maven-repository\org\apache\tomcat\embed\tomcat-embed-core\8.5.34\tomcat-embed-core-8.5.34.jar;D:\Program Files (x86)\Apache\maven-repository\org\apache\tomcat\embed\tomcat-embed-el\8.5.34\tomcat-embed-el-8.5.34.jar;D:\Program Files (x86)\Apache\maven-repository\org\apache\tomcat\embed\tomcat-embed-websocket\8.5.34\tomcat-embed-websocket-8.5.34.jar;D:\Program Files (x86)\Apache\maven-repository\org\hibernate\validator\hibernate-validator\6.0.13.Final\hibernate-validator-6.0.13.Final.jar;D:\Program Files (x86)\Apache\maven-repository\javax\validation\validation-api\2.0.1.Final\validation-api-2.0.1.Final.jar;D:\Program Files (x86)\Apache\maven-repository\org\jboss\logging\jboss-logging\3.3.2.Final\jboss-logging-3.3.2.Final.jar;D:\Program Files (x86)\Apache\maven-repository\com\fasterxml\classmate\1.3.4\classmate-1.3.4.jar;D:\Program Files (x86)\Apache\maven-repository\org\springframework\spring-web\5.0.10.RELEASE\spring-web-5.0.10.RELEASE.jar;D:\Program Files (x86)\Apache\maven-repository\org\springframework\spring-beans\5.0.10.RELEASE\spring-beans-5.0.10.RELEASE.jar;D:\Program Files (x86)\Apache\maven-repository\org\springframework\spring-webmvc\5.0.10.RELEASE\spring-webmvc-5.0.10.RELEASE.jar;D:\Program Files (x86)\Apache\maven-repository\org\springframework\spring-aop\5.0.10.RELEASE\spring-aop-5.0.10.RELEASE.jar;D:\Program Files (x86)\Apache\maven-repository\org\springframework\spring-context\5.0.10.RELEASE\spring-context-5.0.10.RELEASE.jar;D:\Program Files (x86)\Apache\maven-repository\org\springframework\spring-expression\5.0.10.RELEASE\spring-expression-5.0.10.RELEASE.jar;D:\Program Files (x86)\Apache\maven-repository\org\springframework\boot\spring-boot-starter-actuator\2.0.6.RELEASE\spring-boot-starter-actuator-2.0.6.RELEASE.jar;D:\Program Files (x86)\Apache\maven-repository\org\springframework\boot\spring-boot-actuator-autoconfigure\2.0.6.RELEASE\spring-boot-actuator-autoconfigure-2.0.6.RELEASE.jar;D:\Program Files (x86)\Apache\maven-repository\org\springframework\boot\spring-boot-actuator\2.0.6.RELEASE\spring-boot-actuator-2.0.6.RELEASE.jar;D:\Program Files (x86)\Apache\maven-repository\io\micrometer\micrometer-core\1.0.7\micrometer-core-1.0.7.jar;D:\Program Files (x86)\Apache\maven-repository\org\hdrhistogram\HdrHistogram\2.1.10\HdrHistogram-2.1.10.jar;D:\Program Files (x86)\Apache\maven-repository\org\latencyutils\LatencyUtils\2.0.3\LatencyUtils-2.0.3.jar;D:\Program Files (x86)\Apache\maven-repository\org\springframework\boot\spring-boot-starter-test\2.0.6.RELEASE\spring-boot-starter-test-2.0.6.RELEASE.jar;D:\Program Files (x86)\Apache\maven-repository\org\springframework\boot\spring-boot-test\2.0.6.RELEASE\spring-boot-test-2.0.6.RELEASE.jar;D:\Program Files (x86)\Apache\maven-repository\org\springframework\boot\spring-boot-test-autoconfigure\2.0.6.RELEASE\spring-boot-test-autoconfigure-2.0.6.RELEASE.jar;D:\Program Files (x86)\Apache\maven-repository\com\jayway\jsonpath\json-path\2.4.0\json-path-2.4.0.jar;D:\Program Files (x86)\Apache\maven-repository\net\minidev\json-smart\2.3\json-smart-2.3.jar;D:\Program Files (x86)\Apache\maven-repository\net\minidev\accessors-smart\1.2\accessors-smart-1.2.jar;D:\Program Files (x86)\Apache\maven-repository\org\ow2\asm\asm\5.0.4\asm-5.0.4.jar;D:\Program Files (x86)\Apache\maven-repository\org\slf4j\slf4j-api\1.7.25\slf4j-api-1.7.25.jar;D:\Program Files (x86)\Apache\maven-repository\junit\junit\4.12\junit-4.12.jar;D:\Program Files (x86)\Apache\maven-repository\org\assertj\assertj-core\3.9.1\assertj-core-3.9.1.jar;D:\Program Files (x86)\Apache\maven-repository\org\mockito\mockito-core\2.15.0\mockito-core-2.15.0.jar;D:\Program Files (x86)\Apache\maven-repository\net\bytebuddy\byte-buddy\1.7.11\byte-buddy-1.7.11.jar;D:\Program Files (x86)\Apache\maven-repository\net\bytebuddy\byte-buddy-agent\1.7.11\byte-buddy-agent-1.7.11.jar;D:\Program Files (x86)\Apache\maven-repository\org\objenesis\objenesis\2.6\objenesis-2.6.jar;D:\Program Files (x86)\Apache\maven-repository\org\hamcrest\hamcrest-core\1.3\hamcrest-core-1.3.jar;D:\Program Files (x86)\Apache\maven-repository\org\hamcrest\hamcrest-library\1.3\hamcrest-library-1.3.jar;D:\Program Files (x86)\Apache\maven-repository\org\skyscreamer\jsonassert\1.5.0\jsonassert-1.5.0.jar;D:\Program Files (x86)\Apache\maven-repository\com\vaadin\external\google\android-json\0.0.20131108.vaadin1\android-json-0.0.20131108.vaadin1.jar;D:\Program Files (x86)\Apache\maven-repository\org\springframework\spring-core\5.0.10.RELEASE\spring-core-5.0.10.RELEASE.jar;D:\Program Files (x86)\Apache\maven-repository\org\springframework\spring-jcl\5.0.10.RELEASE\spring-jcl-5.0.10.RELEASE.jar;D:\Program Files (x86)\Apache\maven-repository\org\springframework\spring-test\5.0.10.RELEASE\spring-test-5.0.10.RELEASE.jar;D:\Program Files (x86)\Apache\maven-repository\org\xmlunit\xmlunit-core\2.5.1\xmlunit-core-2.5.1.jar;D:\Program Files (x86)\Apache\maven-repository\org\springframework\boot\spring-boot-starter-freemarker\2.0.6.RELEASE\spring-boot-starter-freemarker-2.0.6.RELEASE.jar;D:\Program Files (x86)\Apache\maven-repository\org\freemarker\freemarker\2.3.28\freemarker-2.3.28.jar;D:\Program Files (x86)\Apache\maven-repository\org\springframework\spring-context-support\5.0.10.RELEASE\spring-context-support-5.0.10.RELEASE.jar;D:\Program Files (x86)\Apache\maven-repository\org\springframework\boot\spring-boot-starter-websocket\2.0.6.RELEASE\spring-boot-starter-websocket-2.0.6.RELEASE.jar;D:\Program Files (x86)\Apache\maven-repository\org\springframework\spring-messaging\5.0.10.RELEASE\spring-messaging-5.0.10.RELEASE.jar;D:\Program Files (x86)\Apache\maven-repository\org\springframework\spring-websocket\5.0.10.RELEASE\spring-websocket-5.0.10.RELEASE.jar;D:\Program Files (x86)\Apache\maven-repository\org\springframework\cloud\spring-cloud-starter-alibaba-nacos-config\0.2.1.RELEASE\spring-cloud-starter-alibaba-nacos-config-0.2.1.RELEASE.jar;D:\Program Files (x86)\Apache\maven-repository\org\springframework\cloud\spring-cloud-alibaba-nacos-config\0.2.1.RELEASE\spring-cloud-alibaba-nacos-config-0.2.1.RELEASE.jar;D:\Program Files (x86)\Apache\maven-repository\com\alibaba\nacos\nacos-client\0.6.2\nacos-client-0.6.2.jar;D:\Program Files (x86)\Apache\maven-repository\com\alibaba\nacos\nacos-common\0.6.2\nacos-common-0.6.2.jar;D:\Program Files (x86)\Apache\maven-repository\commons-io\commons-io\2.2\commons-io-2.2.jar;D:\Program Files (x86)\Apache\maven-repository\org\apache\commons\commons-lang3\3.7\commons-lang3-3.7.jar;D:\Program Files (x86)\Apache\maven-repository\com\alibaba\nacos\nacos-api\0.6.2\nacos-api-0.6.2.jar;D:\Program Files (x86)\Apache\maven-repository\commons-codec\commons-codec\1.11\commons-codec-1.11.jar;D:\Program Files (x86)\Apache\maven-repository\org\codehaus\jackson\jackson-mapper-lgpl\1.9.6\jackson-mapper-lgpl-1.9.6.jar;D:\Program Files (x86)\Apache\maven-repository\org\codehaus\jackson\jackson-core-lgpl\1.9.6\jackson-core-lgpl-1.9.6.jar;D:\Program Files (x86)\Apache\maven-repository\org\springframework\cloud\spring-cloud-commons\2.0.2.RELEASE\spring-cloud-commons-2.0.2.RELEASE.jar;D:\Program Files (x86)\Apache\maven-repository\org\springframework\security\spring-security-crypto\5.0.9.RELEASE\spring-security-crypto-5.0.9.RELEASE.jar;D:\Program Files (x86)\Apache\maven-repository\org\springframework\cloud\spring-cloud-context\2.0.2.RELEASE\spring-cloud-context-2.0.2.RELEASE.jar;D:\Program Files (x86)\Apache\maven-repository\org\springframework\cloud\spring-cloud-starter-alibaba-nacos-discovery\0.2.1.RELEASE\spring-cloud-starter-alibaba-nacos-discovery-0.2.1.RELEASE.jar;D:\Program Files (x86)\Apache\maven-repository\org\springframework\cloud\spring-cloud-alibaba-nacos-discovery\0.2.1.RELEASE\spring-cloud-alibaba-nacos-discovery-0.2.1.RELEASE.jar;D:\Program Files (x86)\Apache\maven-repository\org\springframework\cloud\spring-cloud-starter-netflix-ribbon\2.0.2.RELEASE\spring-cloud-starter-netflix-ribbon-2.0.2.RELEASE.jar;D:\Program Files (x86)\Apache\maven-repository\org\springframework\cloud\spring-cloud-netflix-ribbon\2.0.2.RELEASE\spring-cloud-netflix-ribbon-2.0.2.RELEASE.jar;D:\Program Files (x86)\Apache\maven-repository\org\springframework\cloud\spring-cloud-netflix-archaius\2.0.2.RELEASE\spring-cloud-netflix-archaius-2.0.2.RELEASE.jar;D:\Program Files (x86)\Apache\maven-repository\org\springframework\cloud\spring-cloud-starter-netflix-archaius\2.0.2.RELEASE\spring-cloud-starter-netflix-archaius-2.0.2.RELEASE.jar;D:\Program Files (x86)\Apache\maven-repository\com\netflix\archaius\archaius-core\0.7.6\archaius-core-0.7.6.jar;D:\Program Files (x86)\Apache\maven-repository\com\google\code\findbugs\jsr305\3.0.1\jsr305-3.0.1.jar;D:\Program Files (x86)\Apache\maven-repository\commons-configuration\commons-configuration\1.8\commons-configuration-1.8.jar;D:\Program Files (x86)\Apache\maven-repository\com\netflix\ribbon\ribbon\2.2.5\ribbon-2.2.5.jar;D:\Program Files (x86)\Apache\maven-repository\com\netflix\ribbon\ribbon-transport\2.2.5\ribbon-transport-2.2.5.jar;D:\Program Files (x86)\Apache\maven-repository\io\reactivex\rxnetty-contexts\0.4.9\rxnetty-contexts-0.4.9.jar;D:\Program Files (x86)\Apache\maven-repository\io\reactivex\rxnetty-servo\0.4.9\rxnetty-servo-0.4.9.jar;D:\Program Files (x86)\Apache\maven-repository\com\netflix\hystrix\hystrix-core\1.5.12\hystrix-core-1.5.12.jar;D:\Program Files (x86)\Apache\maven-repository\javax\inject\javax.inject\1\javax.inject-1.jar;D:\Program Files (x86)\Apache\maven-repository\io\reactivex\rxnetty\0.4.9\rxnetty-0.4.9.jar;D:\Program Files (x86)\Apache\maven-repository\com\netflix\ribbon\ribbon-core\2.2.5\ribbon-core-2.2.5.jar;D:\Program Files (x86)\Apache\maven-repository\commons-lang\commons-lang\2.6\commons-lang-2.6.jar;D:\Program Files (x86)\Apache\maven-repository\com\netflix\ribbon\ribbon-httpclient\2.2.5\ribbon-httpclient-2.2.5.jar;D:\Program Files (x86)\Apache\maven-repository\commons-collections\commons-collections\3.2.2\commons-collections-3.2.2.jar;D:\Program Files (x86)\Apache\maven-repository\org\apache\httpcomponents\httpclient\4.5.6\httpclient-4.5.6.jar;D:\Program Files (x86)\Apache\maven-repository\org\apache\httpcomponents\httpcore\4.4.10\httpcore-4.4.10.jar;D:\Program Files (x86)\Apache\maven-repository\com\sun\jersey\jersey-client\1.19.1\jersey-client-1.19.1.jar;D:\Program Files (x86)\Apache\maven-repository\com\sun\jersey\jersey-core\1.19.1\jersey-core-1.19.1.jar;D:\Program Files (x86)\Apache\maven-repository\javax\ws\rs\jsr311-api\1.1.1\jsr311-api-1.1.1.jar;D:\Program Files (x86)\Apache\maven-repository\com\sun\jersey\contribs\jersey-apache-client4\1.19.1\jersey-apache-client4-1.19.1.jar;D:\Program Files (x86)\Apache\maven-repository\com\netflix\servo\servo-core\0.12.21\servo-core-0.12.21.jar;D:\Program Files (x86)\Apache\maven-repository\com\netflix\netflix-commons\netflix-commons-util\0.3.0\netflix-commons-util-0.3.0.jar;D:\Program Files (x86)\Apache\maven-repository\com\netflix\ribbon\ribbon-loadbalancer\2.2.5\ribbon-loadbalancer-2.2.5.jar;D:\Program Files (x86)\Apache\maven-repository\com\netflix\netflix-commons\netflix-statistics\0.1.1\netflix-statistics-0.1.1.jar;D:\Program Files (x86)\Apache\maven-repository\io\reactivex\rxjava\1.3.8\rxjava-1.3.8.jar;D:\Program Files (x86)\Apache\maven-repository\org\springframework\cloud\spring-cloud-starter-alibaba-sentinel\0.2.1.RELEASE\spring-cloud-starter-alibaba-sentinel-0.2.1.RELEASE.jar;D:\Program Files (x86)\Apache\maven-repository\org\springframework\cloud\spring-cloud-alibaba-sentinel\0.2.1.RELEASE\spring-cloud-alibaba-sentinel-0.2.1.RELEASE.jar;D:\Program Files (x86)\Apache\maven-repository\com\alibaba\csp\sentinel-web-servlet\1.4.0\sentinel-web-servlet-1.4.0.jar;D:\Program Files (x86)\Apache\maven-repository\com\alibaba\csp\sentinel-core\1.4.0\sentinel-core-1.4.0.jar;D:\Program Files (x86)\Apache\maven-repository\com\alibaba\csp\sentinel-transport-simple-http\1.4.0\sentinel-transport-simple-http-1.4.0.jar;D:\Program Files (x86)\Apache\maven-repository\com\alibaba\csp\sentinel-transport-common\1.4.0\sentinel-transport-common-1.4.0.jar;D:\Program Files (x86)\Apache\maven-repository\com\alibaba\csp\sentinel-datasource-extension\1.4.0\sentinel-datasource-extension-1.4.0.jar;D:\Program Files (x86)\Apache\maven-repository\com\alibaba\csp\sentinel-annotation-aspectj\1.4.0\sentinel-annotation-aspectj-1.4.0.jar;D:\Program Files (x86)\Apache\maven-repository\org\aspectj\aspectjrt\1.8.13\aspectjrt-1.8.13.jar;D:\Program Files (x86)\Apache\maven-repository\org\aspectj\aspectjweaver\1.8.13\aspectjweaver-1.8.13.jar;D:\Program Files (x86)\Apache\maven-repository\com\alibaba\csp\sentinel-dubbo-adapter\1.4.0\sentinel-dubbo-adapter-1.4.0.jar;D:\Program Files (x86)\Apache\maven-repository\com\alibaba\csp\sentinel-parameter-flow-control\1.4.0\sentinel-parameter-flow-control-1.4.0.jar;D:\Program Files (x86)\Apache\maven-repository\com\googlecode\concurrentlinkedhashmap\concurrentlinkedhashmap-lru\1.4.2\concurrentlinkedhashmap-lru-1.4.2.jar;D:\Program Files (x86)\Apache\maven-repository\com\alibaba\csp\sentinel-cluster-server-default\1.4.0\sentinel-cluster-server-default-1.4.0.jar;D:\Program Files (x86)\Apache\maven-repository\com\alibaba\csp\sentinel-cluster-common-default\1.4.0\sentinel-cluster-common-default-1.4.0.jar;D:\Program Files (x86)\Apache\maven-repository\io\netty\netty-all\4.1.29.Final\netty-all-4.1.29.Final.jar;D:\Program Files (x86)\Apache\maven-repository\com\alibaba\csp\sentinel-cluster-client-default\1.4.0\sentinel-cluster-client-default-1.4.0.jar;D:\Program Files (x86)\Apache\maven-repository\org\springframework\cloud\spring-cloud-alibaba-sentinel-datasource\0.2.1.RELEASE\spring-cloud-alibaba-sentinel-datasource-0.2.1.RELEASE.jar;D:\Program Files (x86)\Apache\maven-repository\org\springframework\boot\spring-boot-starter-aop\2.0.6.RELEASE\spring-boot-starter-aop-2.0.6.RELEASE.jar;D:\Program Files (x86)\Apache\maven-repository\org\springframework\cloud\spring-cloud-starter-zipkin\2.0.2.RELEASE\spring-cloud-starter-zipkin-2.0.2.RELEASE.jar;D:\Program Files (x86)\Apache\maven-repository\org\springframework\cloud\spring-cloud-starter-sleuth\2.0.2.RELEASE\spring-cloud-starter-sleuth-2.0.2.RELEASE.jar;D:\Program Files (x86)\Apache\maven-repository\org\springframework\cloud\spring-cloud-starter\2.0.2.RELEASE\spring-cloud-starter-2.0.2.RELEASE.jar;D:\Program Files (x86)\Apache\maven-repository\org\springframework\security\spring-security-rsa\1.0.7.RELEASE\spring-security-rsa-1.0.7.RELEASE.jar;D:\Program Files (x86)\Apache\maven-repository\org\bouncycastle\bcpkix-jdk15on\1.60\bcpkix-jdk15on-1.60.jar;D:\Program Files (x86)\Apache\maven-repository\org\bouncycastle\bcprov-jdk15on\1.60\bcprov-jdk15on-1.60.jar;D:\Program Files (x86)\Apache\maven-repository\org\springframework\cloud\spring-cloud-sleuth-core\2.0.2.RELEASE\spring-cloud-sleuth-core-2.0.2.RELEASE.jar;D:\Program Files (x86)\Apache\maven-repository\io\zipkin\brave\brave\5.4.3\brave-5.4.3.jar;D:\Program Files (x86)\Apache\maven-repository\io\zipkin\brave\brave-context-log4j2\5.4.3\brave-context-log4j2-5.4.3.jar;D:\Program Files (x86)\Apache\maven-repository\io\zipkin\brave\brave-instrumentation-spring-web\5.4.3\brave-instrumentation-spring-web-5.4.3.jar;D:\Program Files (x86)\Apache\maven-repository\io\zipkin\brave\brave-instrumentation-http\5.4.3\brave-instrumentation-http-5.4.3.jar;D:\Program Files (x86)\Apache\maven-repository\io\zipkin\brave\brave-instrumentation-spring-rabbit\5.4.3\brave-instrumentation-spring-rabbit-5.4.3.jar;D:\Program Files (x86)\Apache\maven-repository\io\zipkin\brave\brave-instrumentation-kafka-clients\5.4.3\brave-instrumentation-kafka-clients-5.4.3.jar;D:\Program Files (x86)\Apache\maven-repository\io\zipkin\brave\brave-instrumentation-httpclient\5.4.3\brave-instrumentation-httpclient-5.4.3.jar;D:\Program Files (x86)\Apache\maven-repository\io\zipkin\brave\brave-instrumentation-httpasyncclient\5.4.3\brave-instrumentation-httpasyncclient-5.4.3.jar;D:\Program Files (x86)\Apache\maven-repository\io\zipkin\brave\brave-instrumentation-spring-webmvc\5.4.3\brave-instrumentation-spring-webmvc-5.4.3.jar;D:\Program Files (x86)\Apache\maven-repository\io\zipkin\brave\brave-instrumentation-servlet\5.4.3\brave-instrumentation-servlet-5.4.3.jar;D:\Program Files (x86)\Apache\maven-repository\org\springframework\cloud\spring-cloud-sleuth-zipkin\2.0.2.RELEASE\spring-cloud-sleuth-zipkin-2.0.2.RELEASE.jar;D:\Program Files (x86)\Apache\maven-repository\io\zipkin\zipkin2\zipkin\2.11.7\zipkin-2.11.7.jar;D:\Program Files (x86)\Apache\maven-repository\io\zipkin\reporter2\zipkin-reporter\2.7.10\zipkin-reporter-2.7.10.jar;D:\Program Files (x86)\Apache\maven-repository\io\zipkin\reporter2\zipkin-sender-kafka11\2.7.10\zipkin-sender-kafka11-2.7.10.jar;D:\Program Files (x86)\Apache\maven-repository\io\zipkin\reporter2\zipkin-sender-amqp-client\2.7.10\zipkin-sender-amqp-client-2.7.10.jar;D:\Program Files (x86)\Apache\maven-repository\cn\yan_wm\myalbum-commons-service\1.0.0-SNAPSHOT\myalbum-commons-service-1.0.0-SNAPSHOT.jar;D:\Program Files (x86)\Apache\maven-repository\io\springfox\springfox-swagger2\2.9.2\springfox-swagger2-2.9.2.jar;D:\Program Files (x86)\Apache\maven-repository\io\swagger\swagger-annotations\1.5.20\swagger-annotations-1.5.20.jar;D:\Program Files (x86)\Apache\maven-repository\io\swagger\swagger-models\1.5.20\swagger-models-1.5.20.jar;D:\Program Files (x86)\Apache\maven-repository\io\springfox\springfox-spi\2.9.2\springfox-spi-2.9.2.jar;D:\Program Files (x86)\Apache\maven-repository\io\springfox\springfox-core\2.9.2\springfox-core-2.9.2.jar;D:\Program Files (x86)\Apache\maven-repository\io\springfox\springfox-schema\2.9.2\springfox-schema-2.9.2.jar;D:\Program Files (x86)\Apache\maven-repository\io\springfox\springfox-swagger-common\2.9.2\springfox-swagger-common-2.9.2.jar;D:\Program Files (x86)\Apache\maven-repository\io\springfox\springfox-spring-web\2.9.2\springfox-spring-web-2.9.2.jar;D:\Program Files (x86)\Apache\maven-repository\com\google\guava\guava\20.0\guava-20.0.jar;D:\Program Files (x86)\Apache\maven-repository\org\springframework\plugin\spring-plugin-core\1.2.0.RELEASE\spring-plugin-core-1.2.0.RELEASE.jar;D:\Program Files (x86)\Apache\maven-repository\org\springframework\plugin\spring-plugin-metadata\1.2.0.RELEASE\spring-plugin-metadata-1.2.0.RELEASE.jar;D:\Program Files (x86)\Apache\maven-repository\org\mapstruct\mapstruct\1.2.0.Final\mapstruct-1.2.0.Final.jar;D:\Program Files (x86)\Apache\maven-repository\io\springfox\springfox-swagger-ui\2.9.2\springfox-swagger-ui-2.9.2.jar;D:\Program Files (x86)\Apache\maven-repository\io\springfox\springfox-bean-validators\2.9.2\springfox-bean-validators-2.9.2.jar;D:\Program Files (x86)\Apache\maven-repository\cn\yan_wm\myalbum-commons-mapper\1.0.0-SNAPSHOT\myalbum-commons-mapper-1.0.0-SNAPSHOT.jar;D:\Program Files (x86)\Apache\maven-repository\com\alibaba\druid-spring-boot-starter\1.1.10\druid-spring-boot-starter-1.1.10.jar;D:\Program Files (x86)\Apache\maven-repository\com\alibaba\druid\1.1.10\druid-1.1.10.jar;D:\Program Files (x86)\Apache\maven-repository\tk\mybatis\mapper-spring-boot-starter\2.1.4\mapper-spring-boot-starter-2.1.4.jar;D:\Program Files (x86)\Apache\maven-repository\org\springframework\boot\spring-boot-starter-jdbc\2.0.6.RELEASE\spring-boot-starter-jdbc-2.0.6.RELEASE.jar;D:\Program Files (x86)\Apache\maven-repository\com\zaxxer\HikariCP\2.7.9\HikariCP-2.7.9.jar;D:\Program Files (x86)\Apache\maven-repository\org\springframework\spring-jdbc\5.0.10.RELEASE\spring-jdbc-5.0.10.RELEASE.jar;D:\Program Files (x86)\Apache\maven-repository\org\springframework\spring-tx\5.0.10.RELEASE\spring-tx-5.0.10.RELEASE.jar;D:\Program Files (x86)\Apache\maven-repository\org\mybatis\mybatis\3.4.6\mybatis-3.4.6.jar;D:\Program Files (x86)\Apache\maven-repository\org\mybatis\mybatis-spring\1.3.2\mybatis-spring-1.3.2.jar;D:\Program Files (x86)\Apache\maven-repository\tk\mybatis\mapper-core\1.1.4\mapper-core-1.1.4.jar;D:\Program Files (x86)\Apache\maven-repository\javax\persistence\persistence-api\1.0\persistence-api-1.0.jar;D:\Program Files (x86)\Apache\maven-repository\tk\mybatis\mapper-base\1.1.4\mapper-base-1.1.4.jar;D:\Program Files (x86)\Apache\maven-repository\tk\mybatis\mapper-weekend\1.1.4.6\mapper-weekend-1.1.4.6.jar;D:\Program Files (x86)\Apache\maven-repository\tk\mybatis\mapper-spring\1.1.4\mapper-spring-1.1.4.jar;D:\Program Files (x86)\Apache\maven-repository\tk\mybatis\mapper-extra\1.1.4\mapper-extra-1.1.4.jar;D:\Program Files (x86)\Apache\maven-repository\tk\mybatis\mapper-spring-boot-autoconfigure\2.1.4\mapper-spring-boot-autoconfigure-2.1.4.jar;D:\Program Files (x86)\Apache\maven-repository\com\github\pagehelper\pagehelper-spring-boot-starter\1.2.10\pagehelper-spring-boot-starter-1.2.10.jar;D:\Program Files (x86)\Apache\maven-repository\org\mybatis\spring\boot\mybatis-spring-boot-starter\1.3.2\mybatis-spring-boot-starter-1.3.2.jar;D:\Program Files (x86)\Apache\maven-repository\org\mybatis\spring\boot\mybatis-spring-boot-autoconfigure\1.3.2\mybatis-spring-boot-autoconfigure-1.3.2.jar;D:\Program Files (x86)\Apache\maven-repository\com\github\pagehelper\pagehelper-spring-boot-autoconfigure\1.2.10\pagehelper-spring-boot-autoconfigure-1.2.10.jar;D:\Program Files (x86)\Apache\maven-repository\com\github\pagehelper\pagehelper\5.1.8\pagehelper-5.1.8.jar;D:\Program Files (x86)\Apache\maven-repository\com\github\jsqlparser\jsqlparser\1.2\jsqlparser-1.2.jar;D:\Program Files (x86)\Apache\maven-repository\mysql\mysql-connector-java\8.0.13\mysql-connector-java-8.0.13.jar;D:\Program Files (x86)\Apache\maven-repository\com\google\protobuf\protobuf-java\3.6.1\protobuf-java-3.6.1.jar;D:\Program Files (x86)\Apache\maven-repository\cn\yan_wm\myalbum-commons-domain\1.0.0-SNAPSHOT\myalbum-commons-domain-1.0.0-SNAPSHOT.jar;D:\Program Files (x86)\Apache\maven-repository\com\alibaba\fastjson\1.2.56\fastjson-1.2.56.jar;D:\Program Files (x86)\Apache\maven-repository\cn\yan_wm\myalbum-commons\1.0.0-SNAPSHOT\myalbum-commons-1.0.0-SNAPSHOT.jar;D:\Program Files (x86)\Apache\maven-repository\com\github\ben-manes\caffeine\guava\2.6.2\guava-2.6.2.jar;D:\Program Files (x86)\Apache\maven-repository\com\github\ben-manes\caffeine\caffeine\2.6.2\caffeine-2.6.2.jar;D:\Program Files (x86)\Apache\maven-repository\org\hibernate\javax\persistence\hibernate-jpa-2.1-api\1.0.2.Final\hibernate-jpa-2.1-api-1.0.2.Final.jar;D:\Program Files (x86)\Apache\maven-repository\org\projectlombok\lombok\1.16.22\lombok-1.16.22.jar;D:\Program Files (x86)\Apache\maven-repository\ch\ethz\ganymed\ganymed-ssh2\build210\ganymed-ssh2-build210.jar;"/>
    <property name="sun.cpu.endian" value="little"/>
    <property name="user.home" value="C:\Users\Yan"/>
    <property name="user.language" value="zh"/>
    <property name="java.specification.vendor" value="Oracle Corporation"/>
    <property name="java.home" value="C:\Program Files\Java\jdk1.8.0_111\jre"/>
    <property name="basedir" value="C:\Users\Yan\Desktop\MyAlbum\myalbum-service-linux"/>
    <property name="file.separator" value="\"/>
    <property name="line.separator" value="&#10;"/>
    <property name="java.vm.specification.vendor" value="Oracle Corporation"/>
    <property name="java.specification.name" value="Java Platform API Specification"/>
    <property name="java.awt.graphicsenv" value="sun.awt.Win32GraphicsEnvironment"/>
    <property name="surefire.real.class.path" value="C:\Users\Yan\AppData\Local\Temp\surefire7679966420610622571\surefirebooter5226485439197878643.jar"/>
    <property name="sun.boot.class.path" value="C:\Program Files\Java\jdk1.8.0_111\jre\lib\resources.jar;C:\Program Files\Java\jdk1.8.0_111\jre\lib\rt.jar;C:\Program Files\Java\jdk1.8.0_111\jre\lib\sunrsasign.jar;C:\Program Files\Java\jdk1.8.0_111\jre\lib\jsse.jar;C:\Program Files\Java\jdk1.8.0_111\jre\lib\jce.jar;C:\Program Files\Java\jdk1.8.0_111\jre\lib\charsets.jar;C:\Program Files\Java\jdk1.8.0_111\jre\lib\jfr.jar;C:\Program Files\Java\jdk1.8.0_111\jre\classes"/>
    <property name="user.script" value=""/>
    <property name="sun.management.compiler" value="HotSpot 64-Bit Tiered Compilers"/>
    <property name="java.runtime.version" value="1.8.0_111-b14"/>
    <property name="user.name" value="Yan"/>
    <property name="path.separator" value=";"/>
    <property name="os.version" value="10.0"/>
    <property name="java.endorsed.dirs" value="C:\Program Files\Java\jdk1.8.0_111\jre\lib\endorsed"/>
    <property name="java.runtime.name" value="Java(TM) SE Runtime Environment"/>
    <property name="file.encoding" value="GBK"/>
    <property name="java.vm.name" value="Java HotSpot(TM) 64-Bit Server VM"/>
    <property name="localRepository" value="D:\Program Files (x86)\Apache\maven-repository"/>
    <property name="java.vendor.url.bug" value="http://bugreport.sun.com/bugreport/"/>
    <property name="java.io.tmpdir" value="C:\Users\Yan\AppData\Local\Temp\"/>
    <property name="java.version" value="1.8.0_111"/>
    <property name="user.dir" value="C:\Users\Yan\Desktop\MyAlbum\myalbum-service-linux"/>
    <property name="os.arch" value="amd64"/>
    <property name="java.vm.specification.name" value="Java Virtual Machine Specification"/>
    <property name="java.awt.printerjob" value="sun.awt.windows.WPrinterJob"/>
    <property name="sun.os.patch.level" value=""/>
    <property name="java.library.path" value="C:\Program Files\Java\jdk1.8.0_111\jre\bin;C:\Windows\Sun\Java\bin;C:\Windows\system32;C:\Windows;C:\ProgramData\Oracle\Java\javapath;C:\Windows\system32;C:\Windows;C:\Windows\System32\Wbem;C:\Windows\System32\WindowsPowerShell\v1.0\;C:\Program Files\Condusiv Technologies\ExpressCache\;C:\Program Files (x86)\NVIDIA Corporation\PhysX\Common;C:\Program Files\Java\jdk1.8.0_111\bin;C:\Program Files\Java\jdk1.8.0_111\jre\bin;C:\Program Files\Git\cmd;C:\Program Files\NVIDIA Corporation\NVIDIA NvDLISR;C:\Program Files\nodejs\;C:\Program Files\MySQL\MySQL Server 5.5\bin;D:\Program Files (x86)\Apache\apache-maven-3.6.1\bin\;C:\Users\Yan\AppData\Local\Microsoft\WindowsApps;;C:\Users\Yan\AppData\Local\Programs\Microsoft VS Code\bin;C:\Users\Yan\AppData\Roaming\npm;."/>
    <property name="java.vm.info" value="mixed mode"/>
    <property name="java.vendor" value="Oracle Corporation"/>
    <property name="java.vm.version" value="25.111-b14"/>
    <property name="java.ext.dirs" value="C:\Program Files\Java\jdk1.8.0_111\jre\lib\ext;C:\Windows\Sun\Java\lib\ext"/>
    <property name="sun.io.unicode.encoding" value="UnicodeLittle"/>
    <property name="java.class.version" value="52.0"/>
  </properties>
  <testcase name="TrafficServiceGetOneWeekTest" classname="cn.yan_wm.myalbum.service.linux.MyAlbumServiceLinuxApplicationTest" time="0.009"/>
  <testcase name="TrafficServiceAddTest" classname="cn.yan_wm.myalbum.service.linux.MyAlbumServiceLinuxApplicationTest" time="0.001"/>
  <testcase name="DiskServiceGetOneWeekTest" classname="cn.yan_wm.myalbum.service.linux.MyAlbumServiceLinuxApplicationTest" time="0.036"/>
  <testcase name="DiskServiceAddTest" classname="cn.yan_wm.myalbum.service.linux.MyAlbumServiceLinuxApplicationTest" time="0.001"/>
</testsuite>